[debug] [2019-05-07T20:15:31.763Z] ----------------------------------------------------------------------
[debug] [2019-05-07T20:15:31.765Z] Command:       /Users/brunocangussu/.nvm/versions/node/v11.6.0/bin/node /Users/brunocangussu/.nvm/versions/node/v11.6.0/bin/firebase deploy --except functions
[debug] [2019-05-07T20:15:31.765Z] CLI Version:   6.8.0
[debug] [2019-05-07T20:15:31.765Z] Platform:      darwin
[debug] [2019-05-07T20:15:31.765Z] Node Version:  v11.6.0
[debug] [2019-05-07T20:15:31.766Z] Time:          Tue May 07 2019 17:15:31 GMT-0300 (Brasilia Standard Time)
[debug] [2019-05-07T20:15:31.766Z] ----------------------------------------------------------------------
[debug] 
[debug] [2019-05-07T20:15:31.776Z] > command requires scopes: ["email","openid","https://www.googleapis.com/auth/cloudplatformprojects.readonly","https://www.googleapis.com/auth/firebase","https://www.googleapis.com/auth/cloud-platform"]
[debug] [2019-05-07T20:15:31.777Z] > authorizing via signed-in user
[debug] [2019-05-07T20:15:31.777Z] [iam] checking project lagar-dev for permissions ["datastore.indexes.create","datastore.indexes.delete","datastore.indexes.list","datastore.indexes.update","firebase.projects.get","firebasehosting.sites.update","firebaserules.releases.create","firebaserules.releases.update","firebaserules.rulesets.create"]
[debug] [2019-05-07T20:15:31.778Z] >>> HTTP REQUEST POST https://cloudresourcemanager.googleapis.com/v1/projects/lagar-dev:testIamPermissions  

[debug] [2019-05-07T20:15:33.416Z] <<< HTTP RESPONSE 200
[debug] [2019-05-07T20:15:33.420Z] >>> HTTP REQUEST GET https://firebase.googleapis.com/v1beta1/projects/lagar-dev  
 
[debug] [2019-05-07T20:15:34.945Z] <<< HTTP RESPONSE 200
[info] 
[info] === Deploying to 'lagar-dev'...
[info] 
[info] i  deploying storage, firestore, hosting
[debug] [2019-05-07T20:15:34.949Z] >>> HTTP REQUEST GET https://appengine.googleapis.com/v1/apps/lagar-dev  
 
[debug] [2019-05-07T20:15:37.606Z] <<< HTTP RESPONSE 200
[info] i  storage: checking storage.rules for compilation errors...
[debug] [2019-05-07T20:15:37.609Z] >>> HTTP REQUEST POST https://firebaserules.googleapis.com/v1/projects/lagar-dev:test  

[debug] [2019-05-07T20:15:38.982Z] <<< HTTP RESPONSE 200
[info] ✔  storage: rules file storage.rules compiled successfully
[info] i  firestore: checking firestore.rules for compilation errors...
[info] i  firestore: reading indexes from firestore.indexes.json...
[debug] [2019-05-07T20:15:38.988Z] >>> HTTP REQUEST POST https://firebaserules.googleapis.com/v1/projects/lagar-dev:test  

[debug] [2019-05-07T20:15:40.251Z] <<< HTTP RESPONSE 200
[info] ✔  firestore: rules file firestore.rules compiled successfully
[debug] [2019-05-07T20:15:40.252Z] >>> HTTP REQUEST POST https://firebasehosting.googleapis.com/v1beta1/sites/lagar-dev/versions  

[debug] [2019-05-07T20:15:44.231Z] <<< HTTP RESPONSE 200
[info] i  storage: uploading rules storage.rules...
[debug] [2019-05-07T20:15:44.233Z] >>> HTTP REQUEST POST https://firebaserules.googleapis.com/v1/projects/lagar-dev/rulesets  

[debug] [2019-05-07T20:15:44.948Z] <<< HTTP RESPONSE 200
[debug] [2019-05-07T20:15:44.948Z] [rules] created ruleset projects/lagar-dev/rulesets/c23c912a-eae8-4c98-a1e4-8c0fa6fc7305
[info] i  firestore: uploading rules firestore.rules...
[debug] [2019-05-07T20:15:44.950Z] >>> HTTP REQUEST POST https://firebaserules.googleapis.com/v1/projects/lagar-dev/rulesets  

[debug] [2019-05-07T20:15:44.950Z] >>> HTTP REQUEST GET https://firestore.googleapis.com/v1beta2/projects/lagar-dev/databases/(default)/collectionGroups/-/indexes  
 
[debug] [2019-05-07T20:15:46.516Z] <<< HTTP RESPONSE 200
[debug] [2019-05-07T20:15:46.517Z] >>> HTTP REQUEST GET https://firestore.googleapis.com/v1beta2/projects/lagar-dev/databases/(default)/collectionGroups/-/fields?filter=indexConfig.usesAncestorConfig=false  
 
[debug] [2019-05-07T20:15:46.952Z] <<< HTTP RESPONSE 200
[debug] [2019-05-07T20:15:46.953Z] [rules] created ruleset projects/lagar-dev/rulesets/f33d18da-cea2-487a-b1a7-822e1f6e1592
[debug] [2019-05-07T20:15:49.006Z] <<< HTTP RESPONSE 200
[info] ✔  firestore: deployed indexes in firestore.indexes.json successfully
[info] i  hosting[lagar-dev]: beginning deploy...
[info] i  hosting[lagar-dev]: found 29 files in build
[debug] [2019-05-07T20:15:49.025Z] [hosting] hash cache [YnVpbGQ] load error: lines is not defined
[debug] [2019-05-07T20:15:49.797Z] [hosting] hash cache [YnVpbGQ] stored for 29 files
[debug] [2019-05-07T20:15:49.797Z] [hosting][hash queue][FINAL]
[debug] [2019-05-07T20:15:49.797Z] >>> HTTP REQUEST POST https://firebasehosting.googleapis.com/v1beta1/sites/lagar-dev/versions/ac1acc954229c837:populateFiles  
 <request body omitted>
[debug] [2019-05-07T20:15:52.045Z] <<< HTTP RESPONSE 200
[debug] [2019-05-07T20:15:52.051Z] [hosting][populate queue][FINAL]
[debug] [2019-05-07T20:15:52.051Z] [hosting] uploads queued: 8
[debug] [2019-05-07T20:15:55.899Z] [hosting][upload queue][FINAL]
[info] ✔  hosting[lagar-dev]: file upload complete
[debug] [2019-05-07T20:15:55.899Z] [hosting] deploy completed after 6891ms
[debug] [2019-05-07T20:15:57.165Z] [rules] releasing firebase.storage/lagar-dev.appspot.com with ruleset projects/lagar-dev/rulesets/c23c912a-eae8-4c98-a1e4-8c0fa6fc7305
[debug] [2019-05-07T20:15:57.166Z] >>> HTTP REQUEST PATCH https://firebaserules.googleapis.com/v1/projects/lagar-dev/releases/firebase.storage/lagar-dev.appspot.com  

[debug] [2019-05-07T20:15:58.701Z] <<< HTTP RESPONSE 200
[debug] [2019-05-07T20:15:58.701Z] [rules] updated release projects/lagar-dev/releases/firebase.storage/lagar-dev.appspot.com
[info] ✔  storage: released rules storage.rules to firebase.storage/lagar-dev.appspot.com
[debug] [2019-05-07T20:15:58.702Z] [rules] releasing cloud.firestore with ruleset projects/lagar-dev/rulesets/f33d18da-cea2-487a-b1a7-822e1f6e1592
[debug] [2019-05-07T20:15:58.702Z] >>> HTTP REQUEST PATCH https://firebaserules.googleapis.com/v1/projects/lagar-dev/releases/cloud.firestore  

[debug] [2019-05-07T20:16:00.544Z] <<< HTTP RESPONSE 200
[debug] [2019-05-07T20:16:00.545Z] [rules] updated release projects/lagar-dev/releases/cloud.firestore
[info] ✔  firestore: released rules firestore.rules to cloud.firestore
[debug] [2019-05-07T20:16:00.546Z] [
  {
    "config": {
      "public": "build",
      "ignore": [
        "firebase.json",
        "**/.*",
        "**/node_modules/**"
      ],
      "rewrites": [
        {
          "source": "**",
          "destination": "/index.html"
        }
      ],
      "site": "lagar-dev"
    },
    "site": "lagar-dev",
    "version": "sites/lagar-dev/versions/ac1acc954229c837"
  }
]
[info] i  hosting[lagar-dev]: finalizing version...
[debug] [2019-05-07T20:16:00.547Z] >>> HTTP REQUEST PATCH https://firebasehosting.googleapis.com/v1beta1/sites/lagar-dev/versions/ac1acc954229c837?updateMask=status  

[debug] [2019-05-07T20:16:02.388Z] <<< HTTP RESPONSE 200
[debug] [2019-05-07T20:16:02.388Z] [hosting] finalized version for lagar-dev:
[info] ✔  hosting[lagar-dev]: version finalized
[info] i  hosting[lagar-dev]: releasing new version...
[debug] [2019-05-07T20:16:02.389Z] >>> HTTP REQUEST POST https://firebasehosting.googleapis.com/v1beta1/sites/lagar-dev/releases?version_name=sites/lagar-dev/versions/ac1acc954229c837  

